Removed Pin From Net: NetName=SLA Pin=RA3-1
Removed Pin From Net: NetName=INLB Pin=RA3-2
Removed Pin From Net: NetName=SLA Pin=RA3-3
Removed Pin From Net: NetName=INHC Pin=RA3-4
Removed Pin From Net: NetName=SLA Pin=RA3-5
Removed Pin From Net: NetName=INLC Pin=RA3-6
Removed Pin From Net: NetName=SLA Pin=RA3-7
Removed Pin From Net: NetName=SLA Pin=RA4-1
Removed Pin From Net: NetName=SLA Pin=RA4-3
Removed Pin From Net: NetName=INHA Pin=RA4-4
Removed Pin From Net: NetName=SLA Pin=RA4-5
Removed Pin From Net: NetName=INLA Pin=RA4-6
Removed Pin From Net: NetName=SLA Pin=RA4-7
Removed Pin From Net: NetName=INHB Pin=RA4-8
Added Pin To Net: NetName=INLB Pin=RA3-1
Added Pin To Net: NetName=SLA Pin=RA3-2
Added Pin To Net: NetName=INHC Pin=RA3-3
Added Pin To Net: NetName=SLA Pin=RA3-4
Added Pin To Net: NetName=INLC Pin=RA3-5
Added Pin To Net: NetName=SLA Pin=RA3-6
Added Pin To Net: NetName=SLA Pin=RA3-8
Added Pin To Net: NetName=SLA Pin=RA4-2
Added Pin To Net: NetName=INHA Pin=RA4-3
Added Pin To Net: NetName=SLA Pin=RA4-4
Added Pin To Net: NetName=INLA Pin=RA4-5
Added Pin To Net: NetName=SLA Pin=RA4-6
Added Pin To Net: NetName=INHB Pin=RA4-7
Added Pin To Net: NetName=SLA Pin=RA4-8
