Removed Pin From Net: NetName=AHS Pin=C22-1
Removed Pin From Net: NetName=BHS Pin=C23-1
Removed Pin From Net: NetName=AHS Pin=D1-2
Removed Pin From Net: NetName=ALG Pin=D4-1
Removed Pin From Net: NetName=BHS Pin=D5-2
Removed Pin From Net: NetName=BLG Pin=D8-1
Removed Pin From Net: NetName=-INHB Pin=IC4-2
Removed Pin From Net: NetName=INLB Pin=IC4-3
Removed Pin From Net: NetName=INLA Pin=IC4-4
Removed Pin From Net: NetName=-INHA Pin=IC4-5
Removed Pin From Net: NetName=AHG Pin=IC4-17
Removed Pin From Net: NetName=AHS Pin=IC4-18
Removed Pin From Net: NetName=BHS Pin=IC4-23
Removed Pin From Net: NetName=BHG Pin=IC4-24
Removed Pin From Net: NetName=ALG Pin=R4-1
Removed Pin From Net: NetName=BLG Pin=R6-1
Removed Pin From Net: NetName=BLG_PD Pin=RA1-1
Removed Pin From Net: NetName=ALG_PD Pin=RA1-3
Removed Pin From Net: NetName=-INHA Pin=U1-41
Removed Pin From Net: NetName=INLA Pin=U1-42
Removed Pin From Net: NetName=INLB Pin=U1-43
Removed Pin From Net: NetName=-INHB Pin=U1-44
Added Pin To Net: NetName=BHS Pin=C22-1
Added Pin To Net: NetName=AHS Pin=C23-1
Added Pin To Net: NetName=BHS Pin=D1-2
Added Pin To Net: NetName=BLG Pin=D4-1
Added Pin To Net: NetName=AHS Pin=D5-2
Added Pin To Net: NetName=ALG Pin=D8-1
Added Pin To Net: NetName=-INHA Pin=IC4-2
Added Pin To Net: NetName=INLA Pin=IC4-3
Added Pin To Net: NetName=INLB Pin=IC4-4
Added Pin To Net: NetName=-INHB Pin=IC4-5
Added Pin To Net: NetName=BHG Pin=IC4-17
Added Pin To Net: NetName=BHS Pin=IC4-18
Added Pin To Net: NetName=AHS Pin=IC4-23
Added Pin To Net: NetName=AHG Pin=IC4-24
Added Pin To Net: NetName=BLG Pin=R4-1
Added Pin To Net: NetName=ALG Pin=R6-1
Added Pin To Net: NetName=ALG_PD Pin=RA1-1
Added Pin To Net: NetName=BLG_PD Pin=RA1-3
Added Pin To Net: NetName=INLB Pin=U1-41
Added Pin To Net: NetName=-INHB Pin=U1-42
Added Pin To Net: NetName=-INHA Pin=U1-43
Added Pin To Net: NetName=INLA Pin=U1-44
Change Net Name : Old Net Name=ALG_PD New Net Name=BLG_PD
Change Net Name : Old Net Name=BLG_PD New Net Name=ALG_PD
