Removed Pin From Net: NetName=-INHB Pin=-AH-1
Removed Pin From Net: NetName=INLA Pin=-BH-1
Removed Pin From Net: NetName=INLC Pin=-CH-1
Removed Pin From Net: NetName=INLB Pin=AL-1
Removed Pin From Net: NetName=-INHA Pin=BL-1
Removed Pin From Net: NetName=-INHC Pin=CL-1
Removed Pin From Net: NetName=Net-BH_2 Pin=R16-1
Removed Pin From Net: NetName=NetBL_2 Pin=R17-1
Removed Pin From Net: NetName=NetAL_2 Pin=R18-1
Removed Pin From Net: NetName=Net-AH_2 Pin=R19-1
Removed Pin From Net: NetName=Net-CH_2 Pin=R20-1
Removed Pin From Net: NetName=NetCL_2 Pin=R21-1
Added Pin To Net: NetName=-INHA Pin=-AH-1
Added Pin To Net: NetName=-INHB Pin=-BH-1
Added Pin To Net: NetName=-INHC Pin=-CH-1
Added Pin To Net: NetName=INLA Pin=AL-1
Added Pin To Net: NetName=INLB Pin=BL-1
Added Pin To Net: NetName=INLC Pin=CL-1
Added Pin To Net: NetName=NetAL_2 Pin=R16-1
Added Pin To Net: NetName=Net-AH_2 Pin=R17-1
Added Pin To Net: NetName=NetBL_2 Pin=R18-1
Added Pin To Net: NetName=Net-BH_2 Pin=R19-1
Added Pin To Net: NetName=NetCL_2 Pin=R20-1
Added Pin To Net: NetName=Net-CH_2 Pin=R21-1
