Added Component: Designator=C16(CC2012-0805)
Added Component: Designator=C17(EIA7343)
Added Component: Designator=Reg_in(HDR1X3)
Added Component: Designator=Reg_out(HDR1X4)
Added Component: Designator=U2(SOP-24)
Added Pin To Net: NetName=-INHA Pin=U2-5
Added Net: Name=-INHA
Added Pin To Net: NetName=-INHB Pin=U2-2
Added Net: Name=-INHB
Added Pin To Net: NetName=-INHC Pin=U2-12
Added Net: Name=-INHC
Added Pin To Net: NetName=3.3V Pin=Reg_out-3
Added Pin To Net: NetName=3.3V Pin=Reg_out-4
Added Net: Name=3.3V
Added Pin To Net: NetName=5V Pin=Reg_in-3
Added Net: Name=5V
Added Net: Name=12/24V_IN
Added Net: Name=12/24V_MOTOR
Added Pin To Net: NetName=12V Pin=C16-1
Added Pin To Net: NetName=12V Pin=C17-1
Added Pin To Net: NetName=12V Pin=U2-20
Added Net: Name=12V
Added Net: Name=ABSOLUTEENCODER_0
Added Net: Name=ABSOLUTEENCODER_1
Added Net: Name=ABSOLUTEENCODER_2
Added Net: Name=ABSOLUTEENCODER_3
Added Net: Name=ABSOLUTEENCODER_4
Added Net: Name=ABSOLUTEENCODER_5
Added Net: Name=ABSOLUTEENCODER_6
Added Net: Name=ABSOLUTEENCODER_7
Added Net: Name=ABSOLUTEENCODER_8
Added Net: Name=ABSOLUTEENCODER_9
Added Pin To Net: NetName=AHG Pin=U2-17
Added Net: Name=AHG
Added Pin To Net: NetName=AHS Pin=U2-18
Added Net: Name=AHS
Added Net: Name=ALG
Added Pin To Net: NetName=BHG Pin=U2-24
Added Net: Name=BHG
Added Pin To Net: NetName=BHS Pin=U2-23
Added Net: Name=BHS
Added Net: Name=BLG
Added Net: Name=CAN1H
Added Net: Name=CAN1L
Added Net: Name=CAN2_RX
Added Net: Name=CAN2_TX
Added Pin To Net: NetName=CHG Pin=U2-14
Added Net: Name=CHG
Added Pin To Net: NetName=CHS Pin=U2-15
Added Net: Name=CHS
Added Net: Name=CLG
Added Net: Name=CURRENTSENSING_A
Added Net: Name=CURRENTSENSING_B
Added Net: Name=CURRENTSENSING_C
Added Pin To Net: NetName=GND Pin=C16-2
Added Pin To Net: NetName=GND Pin=C17-2
Added Pin To Net: NetName=GND Pin=Reg_in-2
Added Pin To Net: NetName=GND Pin=Reg_out-1
Added Pin To Net: NetName=GND Pin=U2-10
Added Net: Name=GND
Added Pin To Net: NetName=INLA Pin=U2-4
Added Net: Name=INLA
Added Pin To Net: NetName=INLB Pin=U2-3
Added Net: Name=INLB
Added Pin To Net: NetName=INLC Pin=U2-11
Added Net: Name=INLC
Added Net: Name=NetC1_2
Added Net: Name=NetC2_2
Added Net: Name=NetC3_2
Added Net: Name=NetC4_2
Added Net: Name=NetC5_2
Added Net: Name=NetC14_1
Added Net: Name=NetC14_2
Added Net: Name=NetC15_1
Added Net: Name=NetC15_2
Added Net: Name=NetC19_1
Added Pin To Net: NetName=NetC21_2 Pin=U2-6
Added Net: Name=NetC21_2
Added Pin To Net: NetName=NetC22_2 Pin=U2-16
Added Net: Name=NetC22_2
Added Pin To Net: NetName=NetC23_2 Pin=U2-1
Added Net: Name=NetC23_2
Added Pin To Net: NetName=NetC24_2 Pin=U2-13
Added Net: Name=NetC24_2
Added Net: Name=NetC26_1
Added Net: Name=NetC28_1
Added Net: Name=NetC30_1
Added Net: Name=NetD1_1
Added Pin To Net: NetName=NetD4_2 Pin=U2-21
Added Net: Name=NetD4_2
Added Net: Name=NetD5_1
Added Pin To Net: NetName=NetD8_2 Pin=U2-22
Added Net: Name=NetD8_2
Added Net: Name=NetD9_1
Added Pin To Net: NetName=NetD12_2 Pin=U2-19
Added Net: Name=NetD12_2
Added Net: Name=NetIC3_7
Added Net: Name=NetIC4_7
Added Net: Name=NetIC5_7
Added Pin To Net: NetName=NetR3_2 Pin=U2-7
Added Net: Name=NetR3_2
Added Net: Name=PHASEA
Added Net: Name=PHASEB
Added Net: Name=PHASEC
Added Net: Name=SWCLK
Added Net: Name=SWDIO
Added Net: Name=UART2_RX
Added Net: Name=UART2_TX
Added Net: Name=UART3_RX
Added Net: Name=UART3_TX
Added Class: Name=Brushless_driver_FOC_AbsoluteEncoder_V2
